{{2024,7,9},{12,40,56}} | ping | "Pinged got pung"
{{2024,7,9},{12,41,53}} | pong | "pong gut pung"
{{2024,7,9},{12,43,55}} | pong | "pong gut pung"
{{2024,7,9},{12,45,1}} | ping | "Pinged got pung"
{{2024,7,9},{21,21,31}} | ping | "Pinged got pung"
{{2024,7,9},{21,22,36}} | ping | "Pinged got pung"
{{2024,7,10},{5,53,43}} | ping | "Pinged got pung"
{{2024,7,10},{5,53,48}} | pong | "pong gut pung"
{{2024,7,10},{5,53,54}} | ping | "Pinged got pung"
{{2024,7,10},{5,53,56}} | ping | "Pinged got pung"
{{2024,7,10},{5,56,16}} | <0.178.0> | "ping got pung"
{{2024,7,10},{5,56,19}} | <0.179.0> | "pong gut pung"
{{2024,7,15},{18,52,21}} | <0.180.0> | "ping got pung".
{{2024,7,15},{18,52,34}} | <0.181.0> | "pong gut pung".
{{2024,7,15},{18,52,42}} | <0.181.0> | "pong gut pung".
{{2024,7,15},{18,52,43}} | <0.181.0> | "pong gut pung".
{{2024,7,15},{18,52,44}} | <0.181.0> | "pong gut pung".
{{2024,7,15},{18,54,34}} | <0.178.0> | "ping got pung".
{{2024,7,15},{18,54,35}} | <0.178.0> | "ping got pung".
{{2024,7,15},{18,54,36}} | <0.178.0> | "ping got pung".
{{2024,7,15},{18,54,37}} | <0.178.0> | "ping got pung".
{{2024,7,15},{18,54,38}} | <0.178.0> | "ping got pung".
{{2024,7,15},{19,18,14}} | <0.180.0> | "ping got pung" >>>.
{{2024,7,15},{19,18,18}} | <0.180.0> | "ping got pung" >>>.
{{2024,7,15},{19,19,51}} | <0.181.0> | "pong gut pung".
{{2024,7,16},{6,59,48}} | <0.190.0> | "pong gut pung".
{{2024,7,16},{8,3,5}} | <0.194.0> | "ping got pung".
{{2024,7,16},{8,3,14}} | <0.194.0> | "ping got pung".
{{2024,7,16},{8,5,52}} | <0.194.0> | "ping -> pong".
{{2024,7,16},{8,5,57}} | <0.194.0> | "pong -> ping".
{{2024,7,16},{8,20,22}} | <0.194.0> | "pong -> ping".
{{2024,7,16},{8,20,26}} | <0.194.0> | "ping -> pong".
"2024"-"07"-"16" "08":"21":"58" | <0.194.0> | "pong -> ping".
"2024"-"07"-"16" "08":"22":"02" | <0.194.0> | "pong -> ping".
"2024"-"7"-"16" "8":"25":"28" | <0.186.0> | "pong -> ping".
"2024"-"07"-"16" "08":"26":"37" | <0.186.0> | "pong -> ping".
2024-07-16 "08":"30":"16" | <0.187.0> | "pong -> ping".
2024-07-16 "08":"30":"17" | <0.187.0> | "pong -> ping".
2024-07-16 "08":"30":"19" | <0.187.0> | "pong -> ping".
2024-07-16 "08":"30":"20" | <0.187.0> | "pong -> ping".
2024-07-16 08:31:09 | <0.187.0> | "ping -> pong".
2024-07-16 08:31:10 | <0.187.0> | "ping -> pong".
2024-07-16 08:31:10 | <0.187.0> | "ping -> pong".
2024-07-16 08:31:11 | <0.187.0> | "ping -> pong".
2024-07-16 08:31:12 | <0.187.0> | "ping -> pong".
2024-07-16 08:31:13 | <0.187.0> | "ping -> pong".
2024-07-16 08:31:13 | <0.187.0> | "ping -> pong".
2024-07-16 08:31:14 | <0.187.0> | "ping -> pong".
2024-07-16 08:31:15 | <0.187.0> | "ping -> pong".
2024-07-16 08:31:16 | <0.187.0> | "ping -> pong".
2024-07-16 08:31:17 | <0.187.0> | "ping -> pong".
2024-07-16 08:31:17 | <0.187.0> | "ping -> pong".
2024-07-16 08:31:18 | <0.187.0> | "ping -> pong".
2024-07-16 08:31:19 | <0.187.0> | "ping -> pong".
